[2024-01-07 18:40:32,229: INFO: main: welcome to our custom logging]
[2024-01-07 21:20:46,917: INFO: common: yaml file: config\config.yaml loaded successfully]
[2024-01-07 21:20:46,920: INFO: common: yaml file: params.yaml loaded successfully]
[2024-01-07 21:20:46,921: INFO: common: yaml file: schema.yaml loaded successfully]
[2024-01-07 21:20:46,922: INFO: common: created directory at: artifacts]
[2024-01-07 21:20:46,922: INFO: common: created directory at: artifacts/data_ingestion]
[2024-01-07 21:28:22,690: INFO: common: yaml file: config\config.yaml loaded successfully]
[2024-01-07 21:28:22,692: INFO: common: yaml file: params.yaml loaded successfully]
[2024-01-07 21:28:22,694: INFO: common: yaml file: schema.yaml loaded successfully]
[2024-01-07 21:28:22,695: INFO: common: created directory at: artifacts]
[2024-01-07 21:28:22,697: INFO: common: created directory at: artifacts/data_ingestion]
[2024-01-07 21:29:20,282: INFO: common: yaml file: config\config.yaml loaded successfully]
[2024-01-07 21:29:20,284: INFO: common: yaml file: params.yaml loaded successfully]
[2024-01-07 21:29:20,285: INFO: common: yaml file: schema.yaml loaded successfully]
[2024-01-07 21:29:20,287: INFO: common: created directory at: artifacts]
[2024-01-07 21:29:20,288: INFO: common: created directory at: artifacts/data_ingestion]
[2024-01-07 21:29:21,600: INFO: 2366278714: artifacts/data_ingestion/data.zip download! with following info: 
Connection: close
Content-Length: 23329
Cache-Control: max-age=300
Content-Security-Policy: default-src 'none'; style-src 'unsafe-inline'; sandbox
Content-Type: application/zip
ETag: "c69888a4ae59bc5a893392785a938ccd4937981c06ba8a9d6a21aa52b4ab5b6e"
Strict-Transport-Security: max-age=31536000
X-Content-Type-Options: nosniff
X-Frame-Options: deny
X-XSS-Protection: 1; mode=block
X-GitHub-Request-Id: DCFE:C53C4:48549:72EB7:659ACA58
Accept-Ranges: bytes
Date: Sun, 07 Jan 2024 15:59:21 GMT
Via: 1.1 varnish
X-Served-By: cache-hyd1100026-HYD
X-Cache: MISS
X-Cache-Hits: 0
X-Timer: S1704643161.371522,VS0,VE273
Vary: Authorization,Accept-Encoding,Origin
Access-Control-Allow-Origin: *
Cross-Origin-Resource-Policy: cross-origin
X-Fastly-Request-ID: 5e4cf7c6d1f9344052174db53767e897e1400e54
Expires: Sun, 07 Jan 2024 16:04:21 GMT
Source-Age: 0

]
[2024-01-07 21:32:35,726: INFO: common: yaml file: config\config.yaml loaded successfully]
[2024-01-07 21:32:35,728: INFO: common: yaml file: params.yaml loaded successfully]
[2024-01-07 21:32:35,730: INFO: common: yaml file: schema.yaml loaded successfully]
[2024-01-07 21:32:35,731: INFO: common: created directory at: artifacts]
[2024-01-07 21:32:35,732: INFO: common: created directory at: artifacts/data_ingestion]
[2024-01-07 21:32:35,733: INFO: 2366278714: File already exists of size: ~ 23 KB]
[2024-01-07 21:35:57,305: INFO: common: yaml file: config\config.yaml loaded successfully]
[2024-01-07 21:35:57,308: INFO: common: yaml file: params.yaml loaded successfully]
[2024-01-07 21:35:57,310: INFO: common: yaml file: schema.yaml loaded successfully]
[2024-01-07 21:35:57,312: INFO: common: created directory at: artifacts]
[2024-01-07 21:35:57,315: INFO: common: created directory at: artifacts/data_ingestion]
[2024-01-07 21:35:58,529: INFO: 2366278714: artifacts/data_ingestion/data.zip download! with following info: 
Connection: close
Content-Length: 23329
Cache-Control: max-age=300
Content-Security-Policy: default-src 'none'; style-src 'unsafe-inline'; sandbox
Content-Type: application/zip
ETag: "c69888a4ae59bc5a893392785a938ccd4937981c06ba8a9d6a21aa52b4ab5b6e"
Strict-Transport-Security: max-age=31536000
X-Content-Type-Options: nosniff
X-Frame-Options: deny
X-XSS-Protection: 1; mode=block
X-GitHub-Request-Id: DCFE:C53C4:48549:72EB7:659ACA58
Accept-Ranges: bytes
Date: Sun, 07 Jan 2024 16:05:58 GMT
Via: 1.1 varnish
X-Served-By: cache-hyd1100028-HYD
X-Cache: HIT
X-Cache-Hits: 1
X-Timer: S1704643558.341930,VS0,VE257
Vary: Authorization,Accept-Encoding,Origin
Access-Control-Allow-Origin: *
Cross-Origin-Resource-Policy: cross-origin
X-Fastly-Request-ID: 1e1429cafef785a64f7d660b59c7d8b769781c39
Expires: Sun, 07 Jan 2024 16:10:58 GMT
Source-Age: 0

]
[2024-01-07 21:37:30,040: INFO: common: yaml file: config\config.yaml loaded successfully]
[2024-01-07 21:37:30,042: INFO: common: yaml file: params.yaml loaded successfully]
[2024-01-07 21:37:30,044: INFO: common: yaml file: schema.yaml loaded successfully]
[2024-01-07 21:37:30,046: INFO: common: created directory at: artifacts]
[2024-01-07 21:37:30,047: INFO: common: created directory at: artifacts/data_ingestion]
[2024-01-07 21:37:30,845: INFO: 2366278714: artifacts/data_ingestion/data.zip download! with following info: 
Connection: close
Content-Length: 23329
Cache-Control: max-age=300
Content-Security-Policy: default-src 'none'; style-src 'unsafe-inline'; sandbox
Content-Type: application/zip
ETag: "c69888a4ae59bc5a893392785a938ccd4937981c06ba8a9d6a21aa52b4ab5b6e"
Strict-Transport-Security: max-age=31536000
X-Content-Type-Options: nosniff
X-Frame-Options: deny
X-XSS-Protection: 1; mode=block
X-GitHub-Request-Id: DCFE:C53C4:48549:72EB7:659ACA58
Accept-Ranges: bytes
Date: Sun, 07 Jan 2024 16:07:30 GMT
Via: 1.1 varnish
X-Served-By: cache-hyd1100025-HYD
X-Cache: HIT
X-Cache-Hits: 1
X-Timer: S1704643651.895694,VS0,VE0
Vary: Authorization,Accept-Encoding,Origin
Access-Control-Allow-Origin: *
Cross-Origin-Resource-Policy: cross-origin
X-Fastly-Request-ID: 3045809940abc64b79cf725743786ef85e59c806
Expires: Sun, 07 Jan 2024 16:12:30 GMT
Source-Age: 92

]
[2024-01-07 22:05:38,525: INFO: main: welcome to our custom logging]
[2024-01-07 22:05:38,526: INFO: main: >>>>>> stage Data Ingestion Stage started <<<<<<]
[2024-01-07 22:05:38,527: INFO: common: yaml file: config\config.yaml loaded successfully]
[2024-01-07 22:05:38,528: INFO: common: yaml file: params.yaml loaded successfully]
[2024-01-07 22:05:38,529: INFO: common: yaml file: schema.yaml loaded successfully]
[2024-01-07 22:05:38,530: INFO: common: created directory at: artifacts]
[2024-01-07 22:05:38,531: INFO: common: created directory at: artifacts/data_ingestion]
[2024-01-07 22:05:38,531: INFO: data_ingestion: File already exists of size: ~ 23 KB]
[2024-01-07 22:05:38,534: INFO: main: >>>>>> stage Data Ingestion Stage completed <<<<<<

x==========x]
[2024-01-07 22:05:54,383: INFO: main: welcome to our custom logging]
[2024-01-07 22:05:54,383: INFO: main: >>>>>> stage Data Ingestion Stage started <<<<<<]
[2024-01-07 22:05:54,385: INFO: common: yaml file: config\config.yaml loaded successfully]
[2024-01-07 22:05:54,385: INFO: common: yaml file: params.yaml loaded successfully]
[2024-01-07 22:05:54,386: INFO: common: yaml file: schema.yaml loaded successfully]
[2024-01-07 22:05:54,387: INFO: common: created directory at: artifacts]
[2024-01-07 22:05:54,387: INFO: common: created directory at: artifacts/data_ingestion]
[2024-01-07 22:05:55,846: INFO: data_ingestion: artifacts/data_ingestion/data.zip download! with following info: 
Connection: close
Content-Length: 23329
Cache-Control: max-age=300
Content-Security-Policy: default-src 'none'; style-src 'unsafe-inline'; sandbox
Content-Type: application/zip
ETag: "c69888a4ae59bc5a893392785a938ccd4937981c06ba8a9d6a21aa52b4ab5b6e"
Strict-Transport-Security: max-age=31536000
X-Content-Type-Options: nosniff
X-Frame-Options: deny
X-XSS-Protection: 1; mode=block
X-GitHub-Request-Id: DCFE:C53C4:48549:72EB7:659ACA58
Accept-Ranges: bytes
Date: Sun, 07 Jan 2024 16:35:55 GMT
Via: 1.1 varnish
X-Served-By: cache-hyd1100025-HYD
X-Cache: HIT
X-Cache-Hits: 1
X-Timer: S1704645356.514607,VS0,VE280
Vary: Authorization,Accept-Encoding,Origin
Access-Control-Allow-Origin: *
Cross-Origin-Resource-Policy: cross-origin
X-Fastly-Request-ID: 3152498aeb6fa913650f77034127f3cac7b4d419
Expires: Sun, 07 Jan 2024 16:40:55 GMT
Source-Age: 0

]
[2024-01-07 22:05:55,850: INFO: main: >>>>>> stage Data Ingestion Stage completed <<<<<<

x==========x]
[2024-01-08 21:06:04,283: INFO: main: welcome to our custom logging]
[2024-01-08 21:06:04,284: INFO: main: >>>>>> stage Data Ingestion Stage started <<<<<<]
[2024-01-08 21:06:04,285: INFO: common: yaml file: config\config.yaml loaded successfully]
[2024-01-08 21:06:04,288: INFO: common: yaml file: params.yaml loaded successfully]
[2024-01-08 21:06:04,289: INFO: common: yaml file: schema.yaml loaded successfully]
[2024-01-08 21:06:04,290: INFO: common: created directory at: artifacts]
[2024-01-08 21:06:04,290: INFO: common: created directory at: artifacts/data_ingestion]
[2024-01-08 21:06:05,710: INFO: data_ingestion: artifacts/data_ingestion/data.zip download! with following info: 
Connection: close
Content-Length: 23329
Cache-Control: max-age=300
Content-Security-Policy: default-src 'none'; style-src 'unsafe-inline'; sandbox
Content-Type: application/zip
ETag: "c69888a4ae59bc5a893392785a938ccd4937981c06ba8a9d6a21aa52b4ab5b6e"
Strict-Transport-Security: max-age=31536000
X-Content-Type-Options: nosniff
X-Frame-Options: deny
X-XSS-Protection: 1; mode=block
X-GitHub-Request-Id: 18F8:17E986:C5E6:10DEA:659C1664
Accept-Ranges: bytes
Date: Mon, 08 Jan 2024 15:36:05 GMT
Via: 1.1 varnish
X-Served-By: cache-hyd1100027-HYD
X-Cache: MISS
X-Cache-Hits: 0
X-Timer: S1704728166.571628,VS0,VE314
Vary: Authorization,Accept-Encoding,Origin
Access-Control-Allow-Origin: *
Cross-Origin-Resource-Policy: cross-origin
X-Fastly-Request-ID: 5f2adf57363a2b238fd4e61440b997081c8da3e1
Expires: Mon, 08 Jan 2024 15:41:05 GMT
Source-Age: 0

]
[2024-01-08 21:06:05,716: INFO: main: >>>>>> stage Data Ingestion Stage completed <<<<<<

x==========x]
[2024-01-08 21:21:01,951: INFO: common: yaml file: config\config.yaml loaded successfully]
[2024-01-08 21:21:01,953: INFO: common: yaml file: params.yaml loaded successfully]
[2024-01-08 21:21:01,957: INFO: common: yaml file: schema.yaml loaded successfully]
[2024-01-08 21:21:01,957: INFO: common: created directory at: artifacts]
[2024-01-08 21:21:01,958: INFO: common: created directory at: artifacts/data_validation]
[2024-01-08 21:39:54,139: INFO: main: welcome to our custom logging]
[2024-01-08 21:39:54,139: INFO: main: >>>>>> stage Data Ingestion Stage started <<<<<<]
[2024-01-08 21:39:54,141: INFO: common: yaml file: config\config.yaml loaded successfully]
[2024-01-08 21:39:54,141: INFO: common: yaml file: params.yaml loaded successfully]
[2024-01-08 21:39:54,144: INFO: common: yaml file: schema.yaml loaded successfully]
[2024-01-08 21:39:54,144: INFO: common: created directory at: artifacts]
[2024-01-08 21:39:54,144: INFO: common: created directory at: artifacts/data_ingestion]
[2024-01-08 21:39:54,145: INFO: data_ingestion: File already exists of size: ~ 23 KB]
[2024-01-08 21:39:54,146: INFO: main: >>>>>> stage Data Ingestion Stage completed <<<<<<

x==========x]
[2024-01-08 21:39:54,146: INFO: main: >>>>>> stage Data Validation Stage started <<<<<<]
[2024-01-08 21:39:54,147: INFO: common: yaml file: config\config.yaml loaded successfully]
[2024-01-08 21:39:54,148: INFO: common: yaml file: params.yaml loaded successfully]
[2024-01-08 21:39:54,149: INFO: common: yaml file: schema.yaml loaded successfully]
[2024-01-08 21:39:54,150: INFO: common: created directory at: artifacts]
[2024-01-08 21:39:54,150: INFO: common: created directory at: artifacts/data_validation]
[2024-01-08 21:39:54,157: INFO: main: >>>>>> stage Data Validation Stage completed <<<<<<

x==========x]
[2024-01-08 21:54:16,469: INFO: common: yaml file: config\config.yaml loaded successfully]
[2024-01-08 21:54:16,474: INFO: common: yaml file: params.yaml loaded successfully]
[2024-01-08 21:54:16,480: INFO: common: yaml file: schema.yaml loaded successfully]
[2024-01-08 21:54:16,484: INFO: common: created directory at: artifacts]
[2024-01-08 21:54:16,486: INFO: common: created directory at: artifacts/data_transformation]
[2024-01-08 21:55:11,750: INFO: common: yaml file: config\config.yaml loaded successfully]
[2024-01-08 21:55:11,753: INFO: common: yaml file: params.yaml loaded successfully]
[2024-01-08 21:55:11,757: INFO: common: yaml file: schema.yaml loaded successfully]
[2024-01-08 21:55:11,760: INFO: common: created directory at: artifacts]
[2024-01-08 21:55:11,761: INFO: common: created directory at: artifacts/data_transformation]
[2024-01-08 21:55:11,861: INFO: 741865018: Splited data into training and test sets]
[2024-01-08 21:55:11,863: INFO: 741865018: (1199, 12)]
[2024-01-08 21:55:11,864: INFO: 741865018: (400, 12)]
[2024-01-08 22:08:45,805: INFO: main: welcome to our custom logging]
[2024-01-08 22:08:45,806: INFO: main: >>>>>> stage Data Ingestion Stage started <<<<<<]
[2024-01-08 22:08:45,807: INFO: common: yaml file: config\config.yaml loaded successfully]
[2024-01-08 22:08:45,808: INFO: common: yaml file: params.yaml loaded successfully]
[2024-01-08 22:08:45,810: INFO: common: yaml file: schema.yaml loaded successfully]
[2024-01-08 22:08:45,810: INFO: common: created directory at: artifacts]
[2024-01-08 22:08:45,811: INFO: common: created directory at: artifacts/data_ingestion]
[2024-01-08 22:08:45,812: INFO: data_ingestion: File already exists of size: ~ 23 KB]
[2024-01-08 22:08:45,814: INFO: main: >>>>>> stage Data Ingestion Stage completed <<<<<<

x==========x]
[2024-01-08 22:08:45,814: INFO: main: >>>>>> stage Data Validation Stage started <<<<<<]
[2024-01-08 22:08:45,816: INFO: common: yaml file: config\config.yaml loaded successfully]
[2024-01-08 22:08:45,816: INFO: common: yaml file: params.yaml loaded successfully]
[2024-01-08 22:08:45,818: INFO: common: yaml file: schema.yaml loaded successfully]
[2024-01-08 22:08:45,818: INFO: common: created directory at: artifacts]
[2024-01-08 22:08:45,818: INFO: common: created directory at: artifacts/data_validation]
[2024-01-08 22:08:45,825: INFO: main: >>>>>> stage Data Validation Stage completed <<<<<<

x==========x]
[2024-01-08 22:08:45,826: INFO: main: >>>>>> stage Data Transformation stage started <<<<<<]
[2024-01-08 22:08:45,827: INFO: common: yaml file: config\config.yaml loaded successfully]
[2024-01-08 22:08:45,828: INFO: common: yaml file: params.yaml loaded successfully]
[2024-01-08 22:08:45,830: INFO: common: yaml file: schema.yaml loaded successfully]
[2024-01-08 22:08:45,831: INFO: common: created directory at: artifacts]
[2024-01-08 22:08:45,831: INFO: common: created directory at: artifacts/data_transformation]
[2024-01-08 22:08:45,849: INFO: data_transformation: Splited data into training and test sets]
[2024-01-08 22:08:45,850: INFO: data_transformation: (1199, 12)]
[2024-01-08 22:08:45,850: INFO: data_transformation: (400, 12)]
[2024-01-08 22:08:45,850: INFO: main: >>>>>> stage Data Transformation stage completed <<<<<<

x==========x]
[2024-01-09 14:40:10,389: INFO: common: yaml file: config\config.yaml loaded successfully]
[2024-01-09 14:40:10,397: INFO: common: yaml file: params.yaml loaded successfully]
[2024-01-09 14:40:10,402: INFO: common: yaml file: schema.yaml loaded successfully]
[2024-01-09 14:40:10,404: INFO: common: created directory at: artifacts]
[2024-01-09 14:40:10,406: INFO: common: created directory at: artifacts/model_trainer]
