[2024-01-07 21:06:10,890: INFO: common: yaml file: config\config.yaml loaded successfully]
[2024-01-07 21:06:10,901: INFO: common: yaml file: params.yaml loaded successfully]
[2024-01-07 21:07:32,046: INFO: common: yaml file: config\config.yaml loaded successfully]
[2024-01-07 21:07:32,047: INFO: common: yaml file: params.yaml loaded successfully]
[2024-01-07 21:07:32,049: INFO: common: yaml file: schema.yaml loaded successfully]
[2024-01-07 21:07:32,050: INFO: common: created directory at: artifacts]
[2024-01-07 21:07:32,052: INFO: common: created directory at: artifacts/data_ingestion]
[2024-01-07 21:10:35,118: INFO: common: yaml file: config\config.yaml loaded successfully]
[2024-01-07 21:10:35,120: INFO: common: yaml file: params.yaml loaded successfully]
[2024-01-07 21:10:35,123: INFO: common: yaml file: schema.yaml loaded successfully]
[2024-01-07 21:10:35,125: INFO: common: created directory at: artifacts]
[2024-01-07 21:10:35,126: INFO: common: created directory at: artifacts/data_ingestion]
[2024-01-07 21:11:25,893: INFO: common: yaml file: config\config.yaml loaded successfully]
[2024-01-07 21:11:25,895: INFO: common: yaml file: params.yaml loaded successfully]
[2024-01-07 21:11:25,897: INFO: common: yaml file: schema.yaml loaded successfully]
[2024-01-07 21:11:25,899: INFO: common: created directory at: artifacts]
[2024-01-07 21:11:25,900: INFO: common: created directory at: artifacts/data_ingestion]
[2024-01-07 21:11:31,029: INFO: common: yaml file: config\config.yaml loaded successfully]
[2024-01-07 21:11:31,031: INFO: common: yaml file: params.yaml loaded successfully]
[2024-01-07 21:11:31,033: INFO: common: yaml file: schema.yaml loaded successfully]
[2024-01-07 21:11:31,035: INFO: common: created directory at: artifacts]
[2024-01-07 21:11:31,036: INFO: common: created directory at: artifacts/data_ingestion]
[2024-01-07 21:12:31,109: INFO: common: yaml file: config\config.yaml loaded successfully]
[2024-01-07 21:12:31,111: INFO: common: yaml file: params.yaml loaded successfully]
[2024-01-07 21:12:31,114: INFO: common: yaml file: schema.yaml loaded successfully]
[2024-01-07 21:12:31,115: INFO: common: created directory at: artifacts]
[2024-01-07 21:12:31,117: INFO: common: created directory at: artifacts/data_ingestion]
[2024-01-07 21:13:18,676: INFO: common: yaml file: config\config.yaml loaded successfully]
[2024-01-07 21:13:18,678: INFO: common: yaml file: params.yaml loaded successfully]
[2024-01-07 21:13:18,680: INFO: common: yaml file: schema.yaml loaded successfully]
[2024-01-07 21:13:18,682: INFO: common: created directory at: artifacts]
[2024-01-07 21:13:18,683: INFO: common: created directory at: artifacts/data_ingestion]
[2024-01-07 21:13:26,783: INFO: common: yaml file: config\config.yaml loaded successfully]
[2024-01-07 21:13:26,785: INFO: common: yaml file: params.yaml loaded successfully]
[2024-01-07 21:13:26,787: INFO: common: yaml file: schema.yaml loaded successfully]
[2024-01-07 21:13:26,788: INFO: common: created directory at: artifacts]
[2024-01-07 21:13:26,789: INFO: common: created directory at: artifacts/data_ingestion]
[2024-01-07 21:16:24,876: INFO: common: yaml file: config\config.yaml loaded successfully]
[2024-01-07 21:16:24,879: INFO: common: yaml file: params.yaml loaded successfully]
[2024-01-07 21:16:24,880: INFO: common: yaml file: schema.yaml loaded successfully]
[2024-01-07 21:16:24,882: INFO: common: created directory at: artifacts]
[2024-01-07 21:16:24,883: INFO: common: created directory at: artifacts/data_ingestion]
[2024-01-07 21:18:23,585: INFO: common: yaml file: config\config.yaml loaded successfully]
[2024-01-07 21:18:23,587: INFO: common: yaml file: params.yaml loaded successfully]
[2024-01-07 21:18:23,589: INFO: common: yaml file: schema.yaml loaded successfully]
[2024-01-07 21:18:23,590: INFO: common: created directory at: artifacts]
[2024-01-07 21:18:23,591: INFO: common: created directory at: artifacts/data_ingestion]
[2024-01-07 21:19:23,158: INFO: common: yaml file: config\config.yaml loaded successfully]
[2024-01-07 21:19:23,160: INFO: common: yaml file: params.yaml loaded successfully]
[2024-01-07 21:19:23,162: INFO: common: yaml file: schema.yaml loaded successfully]
[2024-01-07 21:19:23,163: INFO: common: created directory at: artifacts]
[2024-01-07 21:19:23,164: INFO: common: created directory at: artifacts/data_ingestion]
